<?xml version="1.0" encoding="UTF-8"?>
<Site BuildName="Linux-g++"
	BuildStamp="20231004-0716-Experimental"
	Name="kate-minipc"
	Generator="ctest-3.27.6"
	CompilerName="/usr/bin/g++"
	CompilerVersion="9.4.0"
	OSName="Linux"
	Hostname="kate-minipc"
	OSRelease="5.15.0-84-generic"
	OSVersion="#93~20.04.1-Ubuntu SMP Wed Sep 6 16:15:40 UTC 2023"
	OSPlatform="x86_64"
	Is64Bits="1"
	VendorString="GenuineIntel"
	VendorID="Intel Corporation"
	FamilyID="6"
	ModelID="156"
	ProcessorCacheSize="4096"
	NumberOfLogicalCPU="4"
	NumberOfPhysicalCPU="4"
	TotalVirtualMemory="17165"
	TotalPhysicalMemory="7774"
	LogicalProcessorsPerPhysical="1"
	ProcessorClockFrequency="2800"
	>
	<Testing>
		<StartDateTime>Oct 04 10:16 MSK</StartDateTime>
		<StartTestTime>1696403769</StartTestTime>
		<TestList/>
		<EndDateTime>Oct 04 10:16 MSK</EndDateTime>
		<EndTestTime>1696403769</EndTestTime>
		<ElapsedMinutes>0</ElapsedMinutes>
	</Testing>
</Site>
